<?xml version="1.0" encoding="UTF-8"?>
<testsuite name="memory.MemoryFinderTest" tests="1" skipped="0" failures="0" errors="0" timestamp="2025-01-05T07:04:48" hostname="gimseungbeom-ui-MacBookAir.local" time="0.055">
  <properties/>
  <testcase name="get()" classname="memory.MemoryFinderTest" time="0.055"/>
  <system-out><![CDATA[memory = Memory{used=14059520, max=536870912}
]]></system-out>
  <system-err><![CDATA[]]></system-err>
</testsuite>
